/Users/kazhyreimbayev/Library/Python/3.9/lib/python/site-packages/google/api_core/_python_version_support.py:242: FutureWarning: You are using a non-supported Python version (3.9.6). Google will not post any further updates to google.api_core supporting this Python version. Please upgrade to the latest Python version, or at least Python 3.10, and then update google.api_core.
  warnings.warn(message, FutureWarning)
/Users/kazhyreimbayev/Library/Python/3.9/lib/python/site-packages/google/auth/__init__.py:54: FutureWarning: You are using a Python version 3.9 past its end of life. Google will update google-auth with critical bug fixes on a best-effort basis, but not with any other fixes or features. Please upgrade your Python version, and then update google-auth.
  warnings.warn(eol_message.format("3.9"), FutureWarning)
/Users/kazhyreimbayev/Library/Python/3.9/lib/python/site-packages/google/oauth2/__init__.py:40: FutureWarning: You are using a Python version 3.9 past its end of life. Google will update google-auth with critical bug fixes on a best-effort basis, but not with any other fixes or features. Please upgrade your Python version, and then update google-auth.
  warnings.warn(eol_message.format("3.9"), FutureWarning)
все XML: 346
  [1/346] = Plintus 400 Бежевый-ЛДСП «Бежевый»: без изменений (120 файлов)
  [2/346] = YG-Bok L-R-ЛДСП «Белый»: без изменений (6 файлов)
  [3/346] = G-Bok L-R-ЛДСП «Белый»: без изменений (6 файлов)
  [4/346] = F360x500 Белый-ЛДСП «Белый»: без изменений (16 файлов)
  [5/346] = HDF 360x500-ДВП Белый (DVP-001): без изменений (20 файлов)
  [6/346] = TY-Bok 300-ЛДСП «Белый»: без изменений (44 файлов)
  [7/346] = KV2-KS 2005х245-ДСП 16мм черновой: без изменений (27 файлов)
  [8/346] = F450x600 Серый-ЛДСП «Серый»: без изменений (16 файлов)
  [9/346] = F450x600 Белый-ЛДСП «Белый»: без изменений (18 файлов)
  [10/346] = F450x600 Бежевый-ЛДСП «Бежевый»: без изменений (18 файлов)
  [11/346] = F450x400 Серый-ЛДСП «Серый»: без изменений (24 файлов)
  [12/346] = F450x400 Белый-ЛДСП «Белый»: без изменений (18 файлов)
  [13/346] ? нет кол-ва в РАСПИЛ: 'F120х600 Серый' (папка F120х600 Серый-ЛДСП «Серый»)
  [14/346] = F280x400 Серый-ЛДСП «Серый»: без изменений (34 файлов)
  [15/346] = F280x600 Серый-ЛДСП «Серый»: без изменений (27 файлов)
  [16/346] = F360x600 Серый-ЛДСП «Серый»: без изменений (20 файлов)
  [17/346] = F720x600 Серый-ЛДСП «Серый»: без изменений (9 файлов)
  [18/346] = F720x400 Серый-ЛДСП «Серый»: без изменений (21 файлов)
  [19/346] = F1350x600 Серый-ЛДСП «Серый»: без изменений (14 файлов)
  [20/346] ✓ Plintus 800 Серый-ЛДСП «Серый»: 54 файлов, кол-во на бирке 54 (Место A5, 09.12.2025)
  [21/346] ✓ Plintus 600 Серый-ЛДСП «Серый»: 72 файлов, кол-во на бирке 72 (Место A5, 12.06.2026)
  [22/346] ✓ Plintus 400 Серый-ЛДСП «Серый»: 108 файлов, кол-во на бирке 108 (Место X, 05.02.2026)

--- restart background Fri Jun 19 20:30:20 +05 2026 ---

--- restart background zsh Fri Jun 19 20:30:46 +05 2026 ---
/Users/kazhyreimbayev/Library/Python/3.9/lib/python/site-packages/google/api_core/_python_version_support.py:242: FutureWarning: You are using a non-supported Python version (3.9.6). Google will not post any further updates to google.api_core supporting this Python version. Please upgrade to the latest Python version, or at least Python 3.10, and then update google.api_core.
  warnings.warn(message, FutureWarning)
/Users/kazhyreimbayev/Library/Python/3.9/lib/python/site-packages/google/auth/__init__.py:54: FutureWarning: You are using a Python version 3.9 past its end of life. Google will update google-auth with critical bug fixes on a best-effort basis, but not with any other fixes or features. Please upgrade your Python version, and then update google-auth.
  warnings.warn(eol_message.format("3.9"), FutureWarning)
/Users/kazhyreimbayev/Library/Python/3.9/lib/python/site-packages/google/oauth2/__init__.py:40: FutureWarning: You are using a Python version 3.9 past its end of life. Google will update google-auth with critical bug fixes on a best-effort basis, but not with any other fixes or features. Please upgrade your Python version, and then update google-auth.
  warnings.warn(eol_message.format("3.9"), FutureWarning)
--- full sync Fri Jun 19 20:31:46 +05 2026 ---
/Users/kazhyreimbayev/Library/Python/3.9/lib/python/site-packages/google/api_core/_python_version_support.py:242: FutureWarning: You are using a non-supported Python version (3.9.6). Google will not post any further updates to google.api_core supporting this Python version. Please upgrade to the latest Python version, or at least Python 3.10, and then update google.api_core.
  warnings.warn(message, FutureWarning)
/Users/kazhyreimbayev/Library/Python/3.9/lib/python/site-packages/google/auth/__init__.py:54: FutureWarning: You are using a Python version 3.9 past its end of life. Google will update google-auth with critical bug fixes on a best-effort basis, but not with any other fixes or features. Please upgrade your Python version, and then update google-auth.
  warnings.warn(eol_message.format("3.9"), FutureWarning)
/Users/kazhyreimbayev/Library/Python/3.9/lib/python/site-packages/google/oauth2/__init__.py:40: FutureWarning: You are using a Python version 3.9 past its end of life. Google will update google-auth with critical bug fixes on a best-effort basis, but not with any other fixes or features. Please upgrade your Python version, and then update google-auth.
  warnings.warn(eol_message.format("3.9"), FutureWarning)
все XML: 346
  [1/346] = Plintus 400 Бежевый-ЛДСП «Бежевый»: без изменений (120 файлов)
  [2/346] = YG-Bok L-R-ЛДСП «Белый»: без изменений (6 файлов)
  [3/346] = G-Bok L-R-ЛДСП «Белый»: без изменений (6 файлов)
  [4/346] = F360x500 Белый-ЛДСП «Белый»: без изменений (16 файлов)
  [5/346] = HDF 360x500-ДВП Белый (DVP-001): без изменений (20 файлов)
  [6/346] = TY-Bok 300-ЛДСП «Белый»: без изменений (44 файлов)
  [7/346] = KV2-KS 2005х245-ДСП 16мм черновой: без изменений (27 файлов)
  [8/346] = F450x600 Серый-ЛДСП «Серый»: без изменений (16 файлов)
  [9/346] = F450x600 Белый-ЛДСП «Белый»: без изменений (18 файлов)
  [10/346] = F450x600 Бежевый-ЛДСП «Бежевый»: без изменений (18 файлов)
  [11/346] = F450x400 Серый-ЛДСП «Серый»: без изменений (24 файлов)
  [12/346] = F450x400 Белый-ЛДСП «Белый»: без изменений (18 файлов)
  [13/346] ? нет кол-ва в РАСПИЛ: 'F120х600 Серый' (папка F120х600 Серый-ЛДСП «Серый»)
  [14/346] = F280x400 Серый-ЛДСП «Серый»: без изменений (34 файлов)
  [15/346] = F280x600 Серый-ЛДСП «Серый»: без изменений (27 файлов)
  [16/346] = F360x600 Серый-ЛДСП «Серый»: без изменений (20 файлов)
  [17/346] = F720x600 Серый-ЛДСП «Серый»: без изменений (9 файлов)
  [18/346] = F720x400 Серый-ЛДСП «Серый»: без изменений (21 файлов)
  [19/346] = F1350x600 Серый-ЛДСП «Серый»: без изменений (14 файлов)
  [20/346] = Plintus 800 Серый-ЛДСП «Серый»: без изменений (54 файлов)
  [21/346] = Plintus 600 Серый-ЛДСП «Серый»: без изменений (72 файлов)
  [22/346] = Plintus 400 Серый-ЛДСП «Серый»: без изменений (108 файлов)
  [23/346] ✓ F720x500 Серый-ЛДСП «Серый»: 15 файлов, кол-во на бирке 9 (Место E3, 09.04.2026)
  [24/346] ✓ F600x600 Серый-ЛДСП «Серый»: 12 файлов, кол-во на бирке 12 (Место A6, 12.06.2026)
  [25/346] ✓ F240x600 Серый-ЛДСП «Серый»: 30 файлов, кол-во на бирке 30 (Место E1, 02.03.2026)
  [26/346] ✓ Plintus 1000 Серый-ЛДСП «Серый»: 24 файлов, кол-во на бирке 18 (Место A5, 14.06.2026)
  [27/346] ? нет кол-ва в РАСПИЛ: 'Plintus 500 серый' (папка Plintus 500 Серый-ЛДСП «Серый»)
  [28/346] ? нет кол-ва в РАСПИЛ: 'F720x300 Серый' (папка F720x300 Серый-ЛДСП «Серый»)
  [29/346] ? нет кол-ва в РАСПИЛ: 'F1530x600 Серый' (папка F1530x600 Серый-ЛДСП «Серый»)
  [30/346] ✓ F900x600 Серый-ЛДСП «Серый»: 8 файлов, кол-во на бирке 8 (Место X, 11.06.2026)
  [31/346] ✓ F900x400 Серый-ЛДСП «Серый»: 12 файлов, кол-во на бирке 12 (Место X, 11.06.2026)
  [32/346] ? нет кол-ва в РАСПИЛ: 'F360x400 Серый' (папка F360x400 Серый-ЛДСП «Серый»)
  [33/346] ? нет кол-ва в РАСПИЛ: 'FDr360x600 Серый' (папка FDr360x600 Серый-ЛДСП «Серый»)
  [34/346] ? нет кол-ва в РАСПИЛ: 'F360x300 Серый' (папка F360x300 Серый-ЛДСП «Серый»)
--- full sync Fri Jun 19 20:42:24 +05 2026 ---
/Users/kazhyreimbayev/Library/Python/3.9/lib/python/site-packages/google/api_core/_python_version_support.py:242: FutureWarning: You are using a non-supported Python version (3.9.6). Google will not post any further updates to google.api_core supporting this Python version. Please upgrade to the latest Python version, or at least Python 3.10, and then update google.api_core.
  warnings.warn(message, FutureWarning)
/Users/kazhyreimbayev/Library/Python/3.9/lib/python/site-packages/google/auth/__init__.py:54: FutureWarning: You are using a Python version 3.9 past its end of life. Google will update google-auth with critical bug fixes on a best-effort basis, but not with any other fixes or features. Please upgrade your Python version, and then update google-auth.
  warnings.warn(eol_message.format("3.9"), FutureWarning)
/Users/kazhyreimbayev/Library/Python/3.9/lib/python/site-packages/google/oauth2/__init__.py:40: FutureWarning: You are using a Python version 3.9 past its end of life. Google will update google-auth with critical bug fixes on a best-effort basis, but not with any other fixes or features. Please upgrade your Python version, and then update google-auth.
  warnings.warn(eol_message.format("3.9"), FutureWarning)
все XML: 346
  [1/346] = Plintus 400 Бежевый-ЛДСП «Бежевый»: без изменений (120 файлов)
  [2/346] = YG-Bok L-R-ЛДСП «Белый»: без изменений (6 файлов)
  [3/346] = G-Bok L-R-ЛДСП «Белый»: без изменений (6 файлов)
  [4/346] = F360x500 Белый-ЛДСП «Белый»: без изменений (16 файлов)
  [5/346] = HDF 360x500-ДВП Белый (DVP-001): без изменений (20 файлов)
  [6/346] = TY-Bok 300-ЛДСП «Белый»: без изменений (44 файлов)
  [7/346] = KV2-KS 2005х245-ДСП 16мм черновой: без изменений (27 файлов)
  [8/346] = F450x600 Серый-ЛДСП «Серый»: без изменений (16 файлов)
  [9/346] = F450x600 Белый-ЛДСП «Белый»: без изменений (18 файлов)
  [10/346] = F450x600 Бежевый-ЛДСП «Бежевый»: без изменений (18 файлов)
  [11/346] = F450x400 Серый-ЛДСП «Серый»: без изменений (24 файлов)
  [12/346] = F450x400 Белый-ЛДСП «Белый»: без изменений (18 файлов)

--- restart after XML qty fallback Fri Jun 19 20:44:46 +05 2026 ---
--- full sync Fri Jun 19 20:44:47 +05 2026 ---
/Users/kazhyreimbayev/Library/Python/3.9/lib/python/site-packages/google/api_core/_python_version_support.py:242: FutureWarning: You are using a non-supported Python version (3.9.6). Google will not post any further updates to google.api_core supporting this Python version. Please upgrade to the latest Python version, or at least Python 3.10, and then update google.api_core.
  warnings.warn(message, FutureWarning)
/Users/kazhyreimbayev/Library/Python/3.9/lib/python/site-packages/google/auth/__init__.py:54: FutureWarning: You are using a Python version 3.9 past its end of life. Google will update google-auth with critical bug fixes on a best-effort basis, but not with any other fixes or features. Please upgrade your Python version, and then update google-auth.
  warnings.warn(eol_message.format("3.9"), FutureWarning)
/Users/kazhyreimbayev/Library/Python/3.9/lib/python/site-packages/google/oauth2/__init__.py:40: FutureWarning: You are using a Python version 3.9 past its end of life. Google will update google-auth with critical bug fixes on a best-effort basis, but not with any other fixes or features. Please upgrade your Python version, and then update google-auth.
  warnings.warn(eol_message.format("3.9"), FutureWarning)
все XML: 346
  [1/346] = Plintus 400 Бежевый-ЛДСП «Бежевый»: без изменений (120 файлов)
  [2/346] = YG-Bok L-R-ЛДСП «Белый»: без изменений (6 файлов)
  [3/346] = G-Bok L-R-ЛДСП «Белый»: без изменений (6 файлов)
  [4/346] = F360x500 Белый-ЛДСП «Белый»: без изменений (16 файлов)
  [5/346] = HDF 360x500-ДВП Белый (DVP-001): без изменений (20 файлов)
  [6/346] = TY-Bok 300-ЛДСП «Белый»: без изменений (44 файлов)
  [7/346] = KV2-KS 2005х245-ДСП 16мм черновой: без изменений (27 файлов)
  [8/346] = F450x600 Серый-ЛДСП «Серый»: без изменений (16 файлов)
  [9/346] = F450x600 Белый-ЛДСП «Белый»: без изменений (18 файлов)
  [10/346] = F450x600 Бежевый-ЛДСП «Бежевый»: без изменений (18 файлов)
  [11/346] = F450x400 Серый-ЛДСП «Серый»: без изменений (24 файлов)
  [12/346] = F450x400 Белый-ЛДСП «Белый»: без изменений (18 файлов)
  [13/346] ✓ F120х600 Серый-ЛДСП «Серый»: 60 файлов, кол-во на бирке 60 из XML (Место A1, 19.06.2026)
  [14/346] = F280x400 Серый-ЛДСП «Серый»: без изменений (34 файлов)
  [15/346] ✓ F280x600 Серый-ЛДСП «Серый»: 27 файлов, кол-во на бирке 6 из РАСПИЛ (Место E3, 09.04.2026)
  [16/346] = F360x600 Серый-ЛДСП «Серый»: без изменений (20 файлов)
  [17/346] ✓ F720x600 Серый-ЛДСП «Серый»: 9 файлов, кол-во на бирке 24 из РАСПИЛ (Место B1, B2, 14.06.2026)
  [18/346] = F720x400 Серый-ЛДСП «Серый»: без изменений (21 файлов)
  [19/346] = F1350x600 Серый-ЛДСП «Серый»: без изменений (14 файлов)
  [20/346] ✓ Plintus 800 Серый-ЛДСП «Серый»: 54 файлов, кол-во на бирке 3 из РАСПИЛ (Место A5, 14.06.2026)
  [21/346] = Plintus 600 Серый-ЛДСП «Серый»: без изменений (72 файлов)
  [22/346] = Plintus 400 Серый-ЛДСП «Серый»: без изменений (108 файлов)
  [23/346] = F720x500 Серый-ЛДСП «Серый»: без изменений (15 файлов)
  [24/346] = F600x600 Серый-ЛДСП «Серый»: без изменений (12 файлов)
  [25/346] = F240x600 Серый-ЛДСП «Серый»: без изменений (30 файлов)
  [26/346] = Plintus 1000 Серый-ЛДСП «Серый»: без изменений (24 файлов)
  [27/346] ✓ Plintus 500 Серый-ЛДСП «Серый»: 87 файлов, кол-во на бирке 87 из XML (Место A7, 19.06.2026)
  [28/346] ✓ F720x300 Серый-ЛДСП «Серый»: 20 файлов, кол-во на бирке 20 из XML (Место X, 19.06.2026)
  [29/346] ✓ F1530x600 Серый-ЛДСП «Серый»: 10 файлов, кол-во на бирке 10 из XML (Место X, 19.06.2026)
  [30/346] = F900x600 Серый-ЛДСП «Серый»: без изменений (8 файлов)
  [31/346] = F900x400 Серый-ЛДСП «Серый»: без изменений (12 файлов)
  [32/346] ✓ F360x400 Серый-ЛДСП «Серый»: 30 файлов, кол-во на бирке 30 из XML (Место X, 19.06.2026)
  [33/346] ✓ FDr360x600 Серый-ЛДСП «Серый»: 20 файлов, кол-во на бирке 20 из XML (Место X, 19.06.2026)
